<?xml version="1.0" encoding="UTF-8"?>
<testng-results skipped="0" failed="0" total="1" passed="1">
  <reporter-output>
  </reporter-output>
  <suite name="Default suite" duration-ms="868" started-at="2014-07-27T08:14:40Z" finished-at="2014-07-27T08:14:41Z">
    <groups>
    </groups>
    <test name="Default test" duration-ms="868" started-at="2014-07-27T08:14:40Z" finished-at="2014-07-27T08:14:41Z">
      <class name="com.smart.aspectj.AspectJProxyTest">
        <test-method status="PASS" signature="init()[pri:0, instance:com.smart.aspectj.AspectJProxyTest@15dbaab]" name="init" is-config="true" duration-ms="557" started-at="2014-07-27T16:14:40Z" finished-at="2014-07-27T16:14:41Z">
          <reporter-output>
          </reporter-output>
        </test-method> <!-- init -->
        <test-method status="PASS" signature="aspectJTest()[pri:0, instance:com.smart.aspectj.AspectJProxyTest@15dbaab]" name="aspectJTest" duration-ms="272" started-at="2014-07-27T16:14:41Z" finished-at="2014-07-27T16:14:41Z">
          <reporter-output>
          </reporter-output>
        </test-method> <!-- aspectJTest -->
      </class> <!-- com.smart.aspectj.AspectJProxyTest -->
    </test> <!-- Default test -->
  </suite> <!-- Default suite -->
</testng-results>
